d:\project\c\opencv31contribute\opencv31contribute\opencv31contribute\x64\debug\vc140.pdb
d:\project\c\opencv31contribute\opencv31contribute\opencv31contribute\x64\debug\vc140.idb
d:\project\c\opencv31contribute\opencv31contribute\opencv31contribute\x64\debug\async.obj
d:\project\c\opencv31contribute\opencv31contribute\opencv31contribute\x64\debug\multithreaded_object_extension.obj
d:\project\c\opencv31contribute\opencv31contribute\opencv31contribute\x64\debug\threaded_object_extension.obj
d:\project\c\opencv31contribute\opencv31contribute\opencv31contribute\x64\debug\threads_kernel_1.obj
d:\project\c\opencv31contribute\opencv31contribute\opencv31contribute\x64\debug\threads_kernel_2.obj
d:\project\c\opencv31contribute\opencv31contribute\opencv31contribute\x64\debug\threads_kernel_shared.obj
d:\project\c\opencv31contribute\opencv31contribute\opencv31contribute\x64\debug\thread_pool_extension.obj
d:\project\c\opencv31contribute\opencv31contribute\opencv31contribute\x64\debug\timer.obj
d:\project\c\opencv31contribute\opencv31contribute\opencv31contribute\x64\debug\tokenizer_kernel_1.obj
d:\project\c\opencv31contribute\opencv31contribute\opencv31contribute\x64\debug\unicode.obj
d:\project\c\opencv31contribute\opencv31contribute\opencv31contribute\x64\debug\sockstreambuf_unbuffered.obj
d:\project\c\opencv31contribute\opencv31contribute\opencv31contribute\x64\debug\stack_trace.obj
d:\project\c\opencv31contribute\opencv31contribute\opencv31contribute\x64\debug\linker_kernel_1.obj
d:\project\c\opencv31contribute\opencv31contribute\opencv31contribute\x64\debug\extra_logger_headers.obj
d:\project\c\opencv31contribute\opencv31contribute\opencv31contribute\x64\debug\logger_config_file.obj
d:\project\c\opencv31contribute\opencv31contribute\opencv31contribute\x64\debug\logger_kernel_1.obj
d:\project\c\opencv31contribute\opencv31contribute\opencv31contribute\x64\debug\md5_kernel_1.obj
d:\project\c\opencv31contribute\opencv31contribute\opencv31contribute\x64\debug\misc_api_kernel_1.obj
d:\project\c\opencv31contribute\opencv31contribute\opencv31contribute\x64\debug\misc_api_kernel_2.obj
d:\project\c\opencv31contribute\opencv31contribute\opencv31contribute\x64\debug\server_http.obj
d:\project\c\opencv31contribute\opencv31contribute\opencv31contribute\x64\debug\server_iostream.obj
d:\project\c\opencv31contribute\opencv31contribute\opencv31contribute\x64\debug\server_kernel.obj
d:\project\c\opencv31contribute\opencv31contribute\opencv31contribute\x64\debug\sockets_extensions.obj
d:\project\c\opencv31contribute\opencv31contribute\opencv31contribute\x64\debug\sockets_kernel_1.obj
d:\project\c\opencv31contribute\opencv31contribute\opencv31contribute\x64\debug\sockets_kernel_2.obj
d:\project\c\opencv31contribute\opencv31contribute\opencv31contribute\x64\debug\sockstreambuf.obj
d:\project\c\opencv31contribute\opencv31contribute\opencv31contribute\x64\debug\jidctint.obj
d:\project\c\opencv31contribute\opencv31contribute\opencv31contribute\x64\debug\jidctred.obj
d:\project\c\opencv31contribute\opencv31contribute\opencv31contribute\x64\debug\jmemmgr.obj
d:\project\c\opencv31contribute\opencv31contribute\opencv31contribute\x64\debug\jmemnobs.obj
d:\project\c\opencv31contribute\opencv31contribute\opencv31contribute\x64\debug\jquant1.obj
d:\project\c\opencv31contribute\opencv31contribute\opencv31contribute\x64\debug\jquant2.obj
d:\project\c\opencv31contribute\opencv31contribute\opencv31contribute\x64\debug\jutils.obj
d:\project\c\opencv31contribute\opencv31contribute\opencv31contribute\x64\debug\gui_core_kernel_1.obj
d:\project\c\opencv31contribute\opencv31contribute\opencv31contribute\x64\debug\gui_core_kernel_2.obj
d:\project\c\opencv31contribute\opencv31contribute\opencv31contribute\x64\debug\base_widgets.obj
d:\project\c\opencv31contribute\opencv31contribute\opencv31contribute\x64\debug\canvas_drawing.obj
d:\project\c\opencv31contribute\opencv31contribute\opencv31contribute\x64\debug\drawable.obj
d:\project\c\opencv31contribute\opencv31contribute\opencv31contribute\x64\debug\fonts.obj
d:\project\c\opencv31contribute\opencv31contribute\opencv31contribute\x64\debug\style.obj
d:\project\c\opencv31contribute\opencv31contribute\opencv31contribute\x64\debug\widgets.obj
d:\project\c\opencv31contribute\opencv31contribute\opencv31contribute\x64\debug\jpeg_loader.obj
d:\project\c\opencv31contribute\opencv31contribute\opencv31contribute\x64\debug\png_loader.obj
d:\project\c\opencv31contribute\opencv31contribute\opencv31contribute\x64\debug\save_jpeg.obj
d:\project\c\opencv31contribute\opencv31contribute\opencv31contribute\x64\debug\save_png.obj
d:\project\c\opencv31contribute\opencv31contribute\opencv31contribute\x64\debug\jdatadst.obj
d:\project\c\opencv31contribute\opencv31contribute\opencv31contribute\x64\debug\jdatasrc.obj
d:\project\c\opencv31contribute\opencv31contribute\opencv31contribute\x64\debug\jdcoefct.obj
d:\project\c\opencv31contribute\opencv31contribute\opencv31contribute\x64\debug\jdcolor.obj
d:\project\c\opencv31contribute\opencv31contribute\opencv31contribute\x64\debug\jddctmgr.obj
d:\project\c\opencv31contribute\opencv31contribute\opencv31contribute\x64\debug\jdhuff.obj
d:\project\c\opencv31contribute\opencv31contribute\opencv31contribute\x64\debug\jdinput.obj
d:\project\c\opencv31contribute\opencv31contribute\opencv31contribute\x64\debug\jdmainct.obj
d:\project\c\opencv31contribute\opencv31contribute\opencv31contribute\x64\debug\jdmarker.obj
d:\project\c\opencv31contribute\opencv31contribute\opencv31contribute\x64\debug\jdmaster.obj
d:\project\c\opencv31contribute\opencv31contribute\opencv31contribute\x64\debug\jdmerge.obj
d:\project\c\opencv31contribute\opencv31contribute\opencv31contribute\x64\debug\jdphuff.obj
d:\project\c\opencv31contribute\opencv31contribute\opencv31contribute\x64\debug\jdpostct.obj
d:\project\c\opencv31contribute\opencv31contribute\opencv31contribute\x64\debug\jdsample.obj
d:\project\c\opencv31contribute\opencv31contribute\opencv31contribute\x64\debug\jerror.obj
d:\project\c\opencv31contribute\opencv31contribute\opencv31contribute\x64\debug\jfdctflt.obj
d:\project\c\opencv31contribute\opencv31contribute\opencv31contribute\x64\debug\jfdctfst.obj
d:\project\c\opencv31contribute\opencv31contribute\opencv31contribute\x64\debug\jfdctint.obj
d:\project\c\opencv31contribute\opencv31contribute\opencv31contribute\x64\debug\jidctflt.obj
d:\project\c\opencv31contribute\opencv31contribute\opencv31contribute\x64\debug\jidctfst.obj
d:\project\c\opencv31contribute\opencv31contribute\opencv31contribute\x64\debug\entropy_decoder_kernel_2.obj
d:\project\c\opencv31contribute\opencv31contribute\opencv31contribute\x64\debug\entropy_encoder_kernel_1.obj
d:\project\c\opencv31contribute\opencv31contribute\opencv31contribute\x64\debug\entropy_encoder_kernel_2.obj
d:\project\c\opencv31contribute\opencv31contribute\opencv31contribute\x64\debug\jcapimin.obj
d:\project\c\opencv31contribute\opencv31contribute\opencv31contribute\x64\debug\jcapistd.obj
d:\project\c\opencv31contribute\opencv31contribute\opencv31contribute\x64\debug\jccoefct.obj
d:\project\c\opencv31contribute\opencv31contribute\opencv31contribute\x64\debug\jccolor.obj
d:\project\c\opencv31contribute\opencv31contribute\opencv31contribute\x64\debug\jcdctmgr.obj
d:\project\c\opencv31contribute\opencv31contribute\opencv31contribute\x64\debug\jchuff.obj
d:\project\c\opencv31contribute\opencv31contribute\opencv31contribute\x64\debug\jcinit.obj
d:\project\c\opencv31contribute\opencv31contribute\opencv31contribute\x64\debug\jcmainct.obj
d:\project\c\opencv31contribute\opencv31contribute\opencv31contribute\x64\debug\jcmarker.obj
d:\project\c\opencv31contribute\opencv31contribute\opencv31contribute\x64\debug\jcmaster.obj
d:\project\c\opencv31contribute\opencv31contribute\opencv31contribute\x64\debug\jcomapi.obj
d:\project\c\opencv31contribute\opencv31contribute\opencv31contribute\x64\debug\jcparam.obj
d:\project\c\opencv31contribute\opencv31contribute\opencv31contribute\x64\debug\jcphuff.obj
d:\project\c\opencv31contribute\opencv31contribute\opencv31contribute\x64\debug\jcprepct.obj
d:\project\c\opencv31contribute\opencv31contribute\opencv31contribute\x64\debug\jcsample.obj
d:\project\c\opencv31contribute\opencv31contribute\opencv31contribute\x64\debug\jdapimin.obj
d:\project\c\opencv31contribute\opencv31contribute\opencv31contribute\x64\debug\jdapistd.obj
d:\project\c\opencv31contribute\opencv31contribute\opencv31contribute\x64\debug\base64_kernel_1.obj
d:\project\c\opencv31contribute\opencv31contribute\opencv31contribute\x64\debug\bigint_kernel_1.obj
d:\project\c\opencv31contribute\opencv31contribute\opencv31contribute\x64\debug\bigint_kernel_2.obj
d:\project\c\opencv31contribute\opencv31contribute\opencv31contribute\x64\debug\bit_stream_kernel_1.obj
d:\project\c\opencv31contribute\opencv31contribute\opencv31contribute\x64\debug\bsp.obj
d:\project\c\opencv31contribute\opencv31contribute\opencv31contribute\x64\debug\cpp11_test.obj
d:\project\c\opencv31contribute\opencv31contribute\opencv31contribute\x64\debug\image_dataset_metadata.obj
d:\project\c\opencv31contribute\opencv31contribute\opencv31contribute\x64\debug\mnist.obj
d:\project\c\opencv31contribute\opencv31contribute\opencv31contribute\x64\debug\dir_nav_extensions.obj
d:\project\c\opencv31contribute\opencv31contribute\opencv31contribute\x64\debug\dir_nav_kernel_1.obj
d:\project\c\opencv31contribute\opencv31contribute\opencv31contribute\x64\debug\dir_nav_kernel_2.obj
d:\project\c\opencv31contribute\opencv31contribute\opencv31contribute\x64\debug\cpu_dlib.obj
d:\project\c\opencv31contribute\opencv31contribute\opencv31contribute\x64\debug\cublas_dlibapi.obj
d:\project\c\opencv31contribute\opencv31contribute\opencv31contribute\x64\debug\cudnn_dlibapi.obj
d:\project\c\opencv31contribute\opencv31contribute\opencv31contribute\x64\debug\curand_dlibapi.obj
d:\project\c\opencv31contribute\opencv31contribute\opencv31contribute\x64\debug\gpu_data.obj
d:\project\c\opencv31contribute\opencv31contribute\opencv31contribute\x64\debug\tensor_tools.obj
d:\project\c\opencv31contribute\opencv31contribute\opencv31contribute\x64\debug\entropy_decoder_kernel_1.obj
d:\project\c\opencv31contribute\opencv31contribute\opencv31contribute\x64\debug\opencv31.60454088.tlog\cl.command.1.tlog
d:\project\c\opencv31contribute\opencv31contribute\opencv31contribute\x64\debug\opencv31.60454088.tlog\cl.read.1.tlog
d:\project\c\opencv31contribute\opencv31contribute\opencv31contribute\x64\debug\opencv31.60454088.tlog\cl.write.1.tlog
